<?xml version="1.0" encoding="UTF-8"?>
<!-- Generated by org.testng.reporters.JUnitXMLReporter -->
<testsuite hostname="DESKTOP-UTJTOH1" name="Test" tests="20" failures="0" timestamp="12 Oct 2017 07:00:11 GMT" time="24.487" errors="0">
  <testcase name="@BeforeTest executing" time="0.0" classname="com.pack.home.TestExecution.TestRun">
    <failure type="java.lang.NullPointerException">
      <![CDATA[java.lang.NullPointerException
	at com.pack.home.Libraries.DriverLaunch.openBrowser(DriverLaunch.java:53)
	at com.pack.home.TestExecution.TestRun.executing(TestRun.java:20)
	at org.apache.maven.surefire.testng.TestNGExecutor.run(TestNGExecutor.java:283)
	at org.apache.maven.surefire.testng.TestNGXmlTestSuite.execute(TestNGXmlTestSuite.java:75)
	at org.apache.maven.surefire.testng.TestNGProvider.invoke(TestNGProvider.java:120)
	at org.apache.maven.surefire.booter.ForkedBooter.invokeProviderInSameClassLoader(ForkedBooter.java:386)
	at org.apache.maven.surefire.booter.ForkedBooter.runSuitesInProcess(ForkedBooter.java:323)
	at org.apache.maven.surefire.booter.ForkedBooter.main(ForkedBooter.java:143)
... Removed 19 stack frames]]>
    </failure>
  </testcase> <!-- @BeforeTest executing -->
  <testcase name="@AfterTest afterMethod" time="0.0" classname="com.pack.home.TestExecution.TestRun">
    <skipped/>
  </testcase> <!-- @AfterTest afterMethod -->
  <testcase name="unsuccessfullogin" time="0.001" classname="com.pack.home.TestExecution.TestRun">
    <skipped/>
  </testcase> <!-- unsuccessfullogin -->
  <testcase name="login" time="0.0" classname="com.pack.home.TestExecution.TestRun">
    <skipped/>
  </testcase> <!-- login -->
  <testcase name="verifyWelcomeMesg" time="0.002" classname="com.pack.home.TestExecution.TestRun">
    <skipped/>
  </testcase> <!-- verifyWelcomeMesg -->
  <testcase name="clickPrivacy" time="0.0" classname="com.pack.home.TestExecution.TestRun">
    <skipped/>
  </testcase> <!-- clickPrivacy -->
  <testcase name="clickTerms" time="0.0" classname="com.pack.home.TestExecution.TestRun">
    <skipped/>
  </testcase> <!-- clickTerms -->
  <testcase name="clickRefund" time="0.0" classname="com.pack.home.TestExecution.TestRun">
    <skipped/>
  </testcase> <!-- clickRefund -->
  <testcase name="clickfeedback" time="0.0" classname="com.pack.home.TestExecution.TestRun">
    <skipped/>
  </testcase> <!-- clickfeedback -->
  <testcase name="sendfeedback" time="0.001" classname="com.pack.home.TestExecution.TestRun">
    <skipped/>
  </testcase> <!-- sendfeedback -->
  <testcase name="clickfaq" time="0.0" classname="com.pack.home.TestExecution.TestRun">
    <skipped/>
  </testcase> <!-- clickfaq -->
  <testcase name="clickknowcpe" time="0.0" classname="com.pack.home.TestExecution.TestRun">
    <skipped/>
  </testcase> <!-- clickknowcpe -->
  <testcase name="clickPayment" time="0.001" classname="com.pack.home.TestExecution.TestRun">
    <skipped/>
  </testcase> <!-- clickPayment -->
  <testcase name="clickPayBill" time="0.0" classname="com.pack.home.TestExecution.TestRun">
    <skipped/>
  </testcase> <!-- clickPayBill -->
  <testcase name="clickcontact" time="0.0" classname="com.pack.home.TestExecution.TestRun">
    <skipped/>
  </testcase> <!-- clickcontact -->
  <testcase name="sendcontactus" time="0.0" classname="com.pack.home.TestExecution.TestRun">
    <skipped/>
  </testcase> <!-- sendcontactus -->
  <testcase name="clickTopUp" time="0.0" classname="com.pack.home.TestExecution.TestRun">
    <skipped/>
  </testcase> <!-- clickTopUp -->
  <testcase name="clickPlan" time="0.0" classname="com.pack.home.TestExecution.TestRun">
    <skipped/>
  </testcase> <!-- clickPlan -->
  <testcase name="clickProfile" time="0.0" classname="com.pack.home.TestExecution.TestRun">
    <skipped/>
  </testcase> <!-- clickProfile -->
  <testcase name="clickService" time="0.0" classname="com.pack.home.TestExecution.TestRun">
    <skipped/>
  </testcase> <!-- clickService -->
  <testcase name="sendnowrequest" time="0.001" classname="com.pack.home.TestExecution.TestRun">
    <skipped/>
  </testcase> <!-- sendnowrequest -->
  <testcase name="logout" time="0.0" classname="com.pack.home.TestExecution.TestRun">
    <skipped/>
  </testcase> <!-- logout -->
</testsuite> <!-- Test -->
