<?xml version="1.0" encoding="UTF-8"?>
<!-- Generated by org.testng.reporters.JUnitXMLReporter -->
<testsuite hostname="WINDOWS-BQKBTT7" name="Test" tests="20" failures="0" timestamp="6 Oct 2017 07:53:50 GMT" time="243.615" errors="0">
  <testcase name="unsuccessfullogin" time="10.795" classname="com.pack.home.TestExecution.TestRun"/>
  <testcase name="login" time="13.917" classname="com.pack.home.TestExecution.TestRun"/>
  <testcase name="verifyWelcomeMesg" time="0.101" classname="com.pack.home.TestExecution.TestRun"/>
  <testcase name="clickPrivacy" time="8.478" classname="com.pack.home.TestExecution.TestRun"/>
  <testcase name="clickTerms" time="14.25" classname="com.pack.home.TestExecution.TestRun"/>
  <testcase name="clickRefund" time="5.536" classname="com.pack.home.TestExecution.TestRun"/>
  <testcase name="clickfeedback" time="5.541" classname="com.pack.home.TestExecution.TestRun"/>
  <testcase name="sendfeedback" time="22.546" classname="com.pack.home.TestExecution.TestRun"/>
  <testcase name="clickfaq" time="8.899" classname="com.pack.home.TestExecution.TestRun"/>
  <testcase name="clickknowcpe" time="19.543" classname="com.pack.home.TestExecution.TestRun"/>
  <testcase name="clickPayment" time="7.064" classname="com.pack.home.TestExecution.TestRun"/>
  <testcase name="clickPayBill" time="30.005" classname="com.pack.home.TestExecution.TestRun"/>
  <testcase name="clickcontact" time="10.922" classname="com.pack.home.TestExecution.TestRun"/>
  <testcase name="sendcontactus" time="14.448" classname="com.pack.home.TestExecution.TestRun"/>
  <testcase name="clickTopUp" time="5.773" classname="com.pack.home.TestExecution.TestRun"/>
  <testcase name="clickPlan" time="9.989" classname="com.pack.home.TestExecution.TestRun"/>
  <testcase name="clickProfile" time="14.344" classname="com.pack.home.TestExecution.TestRun"/>
  <testcase name="clickService" time="5.982" classname="com.pack.home.TestExecution.TestRun"/>
  <testcase name="sendnowrequest" time="9.072" classname="com.pack.home.TestExecution.TestRun"/>
  <testcase name="logout" time="6.152" classname="com.pack.home.TestExecution.TestRun"/>
</testsuite> <!-- Test -->
