<?xml version="1.0" encoding="UTF-8"?>
<testsuite xmlns:xsi="http://www.w3.org/2001/XMLSchema-instance" xsi:noNamespaceSchemaLocation="https://maven.apache.org/surefire/maven-surefire-plugin/xsd/surefire-test-report.xsd" name="TestSuite" time="22.093" tests="28" errors="0" skipped="27" failures="1">
  <properties>
[...]
</properties>
  <testcase name="executing" classname="com.pack.home.TestExecution.TestRun" time="21.46">
    <failure type="java.lang.NullPointerException">java.lang.NullPointerException
	at com.pack.home.TestExecution.TestRun.executing(TestRun.java:20)
</failure>
    <system-out><![CDATA[Timed out waiting for driver server to start.
Build info: version: '3.5.3', revision: 'a88d25fe6b', time: '2017-08-29T12:42:44.417Z'
System info: host: 'WINDOWS-BQKBTT7', ip: '192.168.99.1', os.name: 'Windows 10', os.arch: 'amd64', os.version: '10.0', java.version: '1.8.0_102'
Driver info: driver.version: PhantomJSDriver
]]></system-out>
    <system-err><![CDATA[Mar 01, 2018 4:23:01 PM org.openqa.selenium.phantomjs.PhantomJSDriverService <init>
INFO: executable: D:\Git\Stoic-Testing\src\main\java\com\pack\home\AllDrivers\phantomjs\phantomjs
Mar 01, 2018 4:23:01 PM org.openqa.selenium.phantomjs.PhantomJSDriverService <init>
INFO: port: 17568
Mar 01, 2018 4:23:01 PM org.openqa.selenium.phantomjs.PhantomJSDriverService <init>
INFO: arguments: [--webdriver=17568, --webdriver-logfile=D:\Git\Stoic-Testing\phantomjsdriver.log]
Mar 01, 2018 4:23:01 PM org.openqa.selenium.phantomjs.PhantomJSDriverService <init>
INFO: environment: {}
Mar 01, 2018 4:23:22 PM org.openqa.selenium.os.UnixProcess checkForError
SEVERE: org.apache.commons.exec.ExecuteException: Execution failed (Exit value: -559038737. Caused by java.io.IOException: Cannot run program "D:\Git\Stoic-Testing\src\main\java\com\pack\home\AllDrivers\phantomjs\phantomjs" (in directory "."): CreateProcess error=193, %1 is not a valid Win32 application)
]]></system-err>
  </testcase>
  <testcase name="unsuccessfullogin" classname="com.pack.home.TestExecution.TestRun" time="0">
    <skipped/>
  </testcase>
  <testcase name="login" classname="com.pack.home.TestExecution.TestRun" time="0">
    <skipped/>
  </testcase>
  <testcase name="parentallink" classname="com.pack.home.TestExecution.TestRun" time="0">
    <skipped/>
  </testcase>
  <testcase name="verifyWelcomeMesg" classname="com.pack.home.TestExecution.TestRun" time="0">
    <skipped/>
  </testcase>
  <testcase name="advancedlink" classname="com.pack.home.TestExecution.TestRun" time="0">
    <skipped/>
  </testcase>
  <testcase name="blockedlink" classname="com.pack.home.TestExecution.TestRun" time="0">
    <skipped/>
  </testcase>
  <testcase name="clickPrivacy" classname="com.pack.home.TestExecution.TestRun" time="0">
    <skipped/>
  </testcase>
  <testcase name="selectlink2" classname="com.pack.home.TestExecution.TestRun" time="0">
    <skipped/>
  </testcase>
  <testcase name="clickTerms" classname="com.pack.home.TestExecution.TestRun" time="0">
    <skipped/>
  </testcase>
  <testcase name="customlink" classname="com.pack.home.TestExecution.TestRun" time="0">
    <skipped/>
  </testcase>
  <testcase name="clickRefund" classname="com.pack.home.TestExecution.TestRun" time="0">
    <skipped/>
  </testcase>
  <testcase name="clickfeedback" classname="com.pack.home.TestExecution.TestRun" time="0">
    <skipped/>
  </testcase>
  <testcase name="Customurl" classname="com.pack.home.TestExecution.TestRun" time="0">
    <skipped/>
  </testcase>
  <testcase name="sendfeedback" classname="com.pack.home.TestExecution.TestRun" time="0">
    <skipped/>
  </testcase>
  <testcase name="clickfaq" classname="com.pack.home.TestExecution.TestRun" time="0">
    <skipped/>
  </testcase>
  <testcase name="clickknowcpe" classname="com.pack.home.TestExecution.TestRun" time="0">
    <skipped/>
  </testcase>
  <testcase name="clickPayment" classname="com.pack.home.TestExecution.TestRun" time="0">
    <skipped/>
  </testcase>
  <testcase name="clickPayBill" classname="com.pack.home.TestExecution.TestRun" time="0">
    <skipped/>
  </testcase>
  <testcase name="clickcontact" classname="com.pack.home.TestExecution.TestRun" time="0">
    <skipped/>
  </testcase>
  <testcase name="sendcontactus" classname="com.pack.home.TestExecution.TestRun" time="0">
    <skipped/>
  </testcase>
  <testcase name="clickTopUp" classname="com.pack.home.TestExecution.TestRun" time="0">
    <skipped/>
  </testcase>
  <testcase name="clickPlan" classname="com.pack.home.TestExecution.TestRun" time="0">
    <skipped/>
  </testcase>
  <testcase name="clickProfile" classname="com.pack.home.TestExecution.TestRun" time="0">
    <skipped/>
  </testcase>
  <testcase name="clickService" classname="com.pack.home.TestExecution.TestRun" time="0">
    <skipped/>
  </testcase>
  <testcase name="sendnowrequest" classname="com.pack.home.TestExecution.TestRun" time="0">
    <skipped/>
  </testcase>
  <testcase name="logout" classname="com.pack.home.TestExecution.TestRun" time="0">
    <skipped/>
  </testcase>
  <testcase name="afterMethod" classname="com.pack.home.TestExecution.TestRun" time="0">
    <skipped/>
  </testcase>
</testsuite>