<?xml version="1.0" encoding="UTF-8"?>
<testsuite xmlns:xsi="http://www.w3.org/2001/XMLSchema-instance" xsi:noNamespaceSchemaLocation="https://maven.apache.org/surefire/maven-surefire-plugin/xsd/surefire-test-report.xsd" name="TestSuite" time="6.612" tests="28" errors="0" skipped="27" failures="1">
  <properties>
[...]
</properties>
  <testcase name="executing" classname="com.pack.home.TestExecution.TestRun" time="6.102">
    <failure message="disconnected: unable to connect to renderer&#10;  (Session info: chrome=65.0.3325.181)&#10;  (Driver info: chromedriver=2.32.498550 (9dec58e66c31bcc53a9ce3c7226f0c1c5810906a),platform=Windows NT 10.0.16299 x86_64) (WARNING: The server did not provide any stacktrace information)&#10;Command duration or timeout: 0 milliseconds&#10;Build info: version: &apos;3.5.3&apos;, revision: &apos;a88d25fe6b&apos;, time: &apos;2017-08-29T12:42:44.417Z&apos;&#10;System info: host: &apos;WINDOWS-BQKBTT7&apos;, ip: &apos;192.168.99.1&apos;, os.name: &apos;Windows 10&apos;, os.arch: &apos;amd64&apos;, os.version: &apos;10.0&apos;, java.version: &apos;1.8.0_102&apos;&#10;Driver info: org.openqa.selenium.chrome.ChromeDriver&#10;Capabilities [{mobileEmulationEnabled=false, hasTouchScreen=false, platform=XP, acceptSslCerts=true, webStorageEnabled=true, browserName=chrome, takesScreenshot=true, javascriptEnabled=true, platformName=XP, setWindowRect=true, unexpectedAlertBehaviour=, applicationCacheEnabled=false, rotatable=false, networkConnectionEnabled=false, chrome={chromedriverVersion=2.32.498550 (9dec58e66c31bcc53a9ce3c7226f0c1c5810906a), userDataDir=C:\Users\siddu\AppData\Local\Temp\scoped_dir8280_28768}, takesHeapSnapshot=true, pageLoadStrategy=normal, unhandledPromptBehavior=, databaseEnabled=false, handlesAlerts=true, version=65.0.3325.181, browserConnectionEnabled=false, nativeEvents=true, locationContextEnabled=true, cssSelectorsEnabled=true}]&#10;Session ID: 9f974c009a79d1299603da5a49f28903" type="org.openqa.selenium.WebDriverException">org.openqa.selenium.WebDriverException: 
disconnected: unable to connect to renderer
  (Session info: chrome=65.0.3325.181)
  (Driver info: chromedriver=2.32.498550 (9dec58e66c31bcc53a9ce3c7226f0c1c5810906a),platform=Windows NT 10.0.16299 x86_64) (WARNING: The server did not provide any stacktrace information)
Command duration or timeout: 0 milliseconds
Build info: version: '3.5.3', revision: 'a88d25fe6b', time: '2017-08-29T12:42:44.417Z'
System info: host: 'WINDOWS-BQKBTT7', ip: '192.168.99.1', os.name: 'Windows 10', os.arch: 'amd64', os.version: '10.0', java.version: '1.8.0_102'
Driver info: org.openqa.selenium.chrome.ChromeDriver
Capabilities [{mobileEmulationEnabled=false, hasTouchScreen=false, platform=XP, acceptSslCerts=true, webStorageEnabled=true, browserName=chrome, takesScreenshot=true, javascriptEnabled=true, platformName=XP, setWindowRect=true, unexpectedAlertBehaviour=, applicationCacheEnabled=false, rotatable=false, networkConnectionEnabled=false, chrome={chromedriverVersion=2.32.498550 (9dec58e66c31bcc53a9ce3c7226f0c1c5810906a), userDataDir=C:\Users\siddu\AppData\Local\Temp\scoped_dir8280_28768}, takesHeapSnapshot=true, pageLoadStrategy=normal, unhandledPromptBehavior=, databaseEnabled=false, handlesAlerts=true, version=65.0.3325.181, browserConnectionEnabled=false, nativeEvents=true, locationContextEnabled=true, cssSelectorsEnabled=true}]
Session ID: 9f974c009a79d1299603da5a49f28903
	at com.pack.home.TestExecution.TestRun.executing(TestRun.java:20)
</failure>
    <system-out><![CDATA[Selected browser is Chrome
]]></system-out>
    <system-err><![CDATA[Starting ChromeDriver 2.32.498550 (9dec58e66c31bcc53a9ce3c7226f0c1c5810906a) on port 45748
Only local connections are allowed.
log4j:WARN No appenders could be found for logger (org.apache.http.client.protocol.RequestAddCookies).
log4j:WARN Please initialize the log4j system properly.
log4j:WARN See http://logging.apache.org/log4j/1.2/faq.html#noconfig for more info.
Mar 31, 2018 12:15:12 PM org.openqa.selenium.remote.ProtocolHandshake createSession
INFO: Detected dialect: OSS
]]></system-err>
  </testcase>
  <testcase name="unsuccessfullogin" classname="com.pack.home.TestExecution.TestRun" time="0">
    <skipped/>
  </testcase>
  <testcase name="login" classname="com.pack.home.TestExecution.TestRun" time="0">
    <skipped/>
  </testcase>
  <testcase name="verifyWelcomeMesg" classname="com.pack.home.TestExecution.TestRun" time="0">
    <skipped/>
  </testcase>
  <testcase name="clickPrivacy" classname="com.pack.home.TestExecution.TestRun" time="0">
    <skipped/>
  </testcase>
  <testcase name="clickTerms" classname="com.pack.home.TestExecution.TestRun" time="0">
    <skipped/>
  </testcase>
  <testcase name="clickRefund" classname="com.pack.home.TestExecution.TestRun" time="0">
    <skipped/>
  </testcase>
  <testcase name="clickfeedback" classname="com.pack.home.TestExecution.TestRun" time="0">
    <skipped/>
  </testcase>
  <testcase name="sendfeedback" classname="com.pack.home.TestExecution.TestRun" time="0">
    <skipped/>
  </testcase>
  <testcase name="clickfaq" classname="com.pack.home.TestExecution.TestRun" time="0">
    <skipped/>
  </testcase>
  <testcase name="clickknowcpe" classname="com.pack.home.TestExecution.TestRun" time="0">
    <skipped/>
  </testcase>
  <testcase name="clickPayment" classname="com.pack.home.TestExecution.TestRun" time="0">
    <skipped/>
  </testcase>
  <testcase name="clickPayBill" classname="com.pack.home.TestExecution.TestRun" time="0">
    <skipped/>
  </testcase>
  <testcase name="clickcontact" classname="com.pack.home.TestExecution.TestRun" time="0">
    <skipped/>
  </testcase>
  <testcase name="sendcontactus" classname="com.pack.home.TestExecution.TestRun" time="0">
    <skipped/>
  </testcase>
  <testcase name="clickTopUp" classname="com.pack.home.TestExecution.TestRun" time="0">
    <skipped/>
  </testcase>
  <testcase name="clickPlan" classname="com.pack.home.TestExecution.TestRun" time="0">
    <skipped/>
  </testcase>
  <testcase name="clickProfile" classname="com.pack.home.TestExecution.TestRun" time="0">
    <skipped/>
  </testcase>
  <testcase name="clickService" classname="com.pack.home.TestExecution.TestRun" time="0">
    <skipped/>
  </testcase>
  <testcase name="sendnowrequest" classname="com.pack.home.TestExecution.TestRun" time="0">
    <skipped/>
  </testcase>
  <testcase name="parentallink" classname="com.pack.home.TestExecution.TestRun" time="0">
    <skipped/>
  </testcase>
  <testcase name="advancedlink" classname="com.pack.home.TestExecution.TestRun" time="0">
    <skipped/>
  </testcase>
  <testcase name="selectlink2" classname="com.pack.home.TestExecution.TestRun" time="0">
    <skipped/>
  </testcase>
  <testcase name="blockedlink" classname="com.pack.home.TestExecution.TestRun" time="0">
    <skipped/>
  </testcase>
  <testcase name="customlink" classname="com.pack.home.TestExecution.TestRun" time="0">
    <skipped/>
  </testcase>
  <testcase name="Customurl" classname="com.pack.home.TestExecution.TestRun" time="0">
    <skipped/>
  </testcase>
  <testcase name="logout" classname="com.pack.home.TestExecution.TestRun" time="0">
    <skipped/>
  </testcase>
  <testcase name="afterMethod" classname="com.pack.home.TestExecution.TestRun" time="0">
    <skipped/>
  </testcase>
</testsuite>