<?xml version="1.0" encoding="UTF-8"?>
<!-- Generated by org.testng.reporters.JUnitReportReporter -->
<testsuite hostname="WINDOWS-BQKBTT7" name="com.pack.home.TestExecution.TestRun" tests="21" failures="0" timestamp="21 Sep 2017 08:36:41 GMT" time="187.274" errors="0">
  <testcase name="clickTerms" time="5.253" classname="com.pack.home.TestExecution.TestRun"/>
  <testcase name="clickPayBill" time="10.865" classname="com.pack.home.TestExecution.TestRun"/>
  <testcase name="verifyWelcomeMesg" time="0.037" classname="com.pack.home.TestExecution.TestRun"/>
  <testcase name="clickfaq" time="5.398" classname="com.pack.home.TestExecution.TestRun"/>
  <testcase name="sendcontactus" time="15.085" classname="com.pack.home.TestExecution.TestRun"/>
  <testcase name="clickknowcpe" time="5.405" classname="com.pack.home.TestExecution.TestRun"/>
  <testcase name="clickknowbill" time="5.136" classname="com.pack.home.TestExecution.TestRun"/>
  <testcase name="sendnowrequest" time="13.996" classname="com.pack.home.TestExecution.TestRun"/>
  <testcase name="clickcontact" time="12.648" classname="com.pack.home.TestExecution.TestRun"/>
  <testcase name="unsuccessfullogin" time="10.549" classname="com.pack.home.TestExecution.TestRun"/>
  <testcase name="clickTopUp" time="10.562" classname="com.pack.home.TestExecution.TestRun"/>
  <testcase name="clickService" time="10.650" classname="com.pack.home.TestExecution.TestRun"/>
  <testcase name="clickfeedback" time="5.721" classname="com.pack.home.TestExecution.TestRun"/>
  <testcase name="sendfeedback" time="10.715" classname="com.pack.home.TestExecution.TestRun"/>
  <testcase name="clickPayment" time="10.773" classname="com.pack.home.TestExecution.TestRun"/>
  <testcase name="clickProfile" time="10.665" classname="com.pack.home.TestExecution.TestRun"/>
  <testcase name="clickPlan" time="10.493" classname="com.pack.home.TestExecution.TestRun"/>
  <testcase name="clickPrivacy" time="5.235" classname="com.pack.home.TestExecution.TestRun"/>
  <testcase name="logout" time="10.235" classname="com.pack.home.TestExecution.TestRun"/>
  <testcase name="login" time="12.519" classname="com.pack.home.TestExecution.TestRun"/>
  <testcase name="clickRefund" time="5.334" classname="com.pack.home.TestExecution.TestRun"/>
</testsuite> <!-- com.pack.home.TestExecution.TestRun -->
